<?xml version="1.0" encoding="UTF-8"?>
<!-- Generated by org.testng.reporters.JUnitXMLReporter -->
<testsuite hostname="DESKTOP-0ESDAIN" name="Default test" tests="11" failures="0" timestamp="19 Dec 2016 01:19:54 GMT" time="44.125" errors="0">
  <testcase name="selectChlotes" time="9.57" classname="automationpractice.com.ShopWorkflowTest"/>
  <testcase name="deleteCartProducts" time="1.999" classname="automationpractice.com.ShopWorkflowTest"/>
  <testcase name="checkingCartProductsQtyAndPrice" time="1.96" classname="automationpractice.com.ShopWorkflowTest"/>
  <testcase name="continueToShoppingSummary" time="2.169" classname="automationpractice.com.ShopWorkflowTest"/>
  <testcase name="increaseQtyOfProduct1" time="0.987" classname="automationpractice.com.ShopWorkflowTest"/>
  <testcase name="signinRequest" time="2.092" classname="automationpractice.com.ShopWorkflowTest"/>
  <testcase name="billingAndDeliveryAddress" time="1.68" classname="automationpractice.com.ShopWorkflowTest"/>
  <testcase name="termsOfServiceModal" time="3.649" classname="automationpractice.com.ShopWorkflowTest"/>
  <testcase name="payment" time="3.049" classname="automationpractice.com.ShopWorkflowTest"/>
  <testcase name="confirmOrder" time="1.591" classname="automationpractice.com.ShopWorkflowTest"/>
  <testcase name="checkIsOrderVisibleInOrderHistorySection" time="4.24" classname="automationpractice.com.ShopWorkflowTest"/>
</testsuite> <!-- Default test -->
