<?xml version="1.0" encoding="UTF-8"?>
<!-- Generated by org.testng.reporters.JUnitXMLReporter -->
<testsuite hostname="DESKTOP-0ESDAIN" name="automationpractice.com" tests="22" failures="0" timestamp="22 Jan 2017 21:03:19 GMT" time="144.515" errors="0">
  <testcase name="authenticationPage" time="2.24" classname="automationpractice.com.CreateAccountFormTest"/>
  <testcase name="authenticationPageEmailField" time="4.053" classname="automationpractice.com.CreateAccountFormTest"/>
  <testcase name="personalInfoFields" time="1.332" classname="automationpractice.com.CreateAccountFormTest"/>
  <testcase name="requiredFieldsEmpty" time="4.109" classname="automationpractice.com.CreateAccountFormTest"/>
  <testcase name="requiredFieldsInputFormat" time="4.715" classname="automationpractice.com.CreateAccountFormTest"/>
  <testcase name="createAccountSuccessfully" time="4.946" classname="automationpractice.com.CreateAccountFormTest"/>
  <testcase name="loginPage" time="0.175" classname="automationpractice.com.LoginFormTest"/>
  <testcase name="invalidCredentials" time="6.702" classname="automationpractice.com.LoginFormTest"/>
  <testcase name="loginWithoutCredentials" time="5.782" classname="automationpractice.com.LoginFormTest"/>
  <testcase name="emailFormat" time="0.505" classname="automationpractice.com.LoginFormTest"/>
  <testcase name="successfulLogin" time="2.364" classname="automationpractice.com.LoginFormTest"/>
  <testcase name="selectChlotes" time="13.959" classname="automationpractice.com.ShopWorkflowTest"/>
  <testcase name="deleteCartProducts" time="2.463" classname="automationpractice.com.ShopWorkflowTest"/>
  <testcase name="checkingCartProductsQtyAndPrice" time="1.998" classname="automationpractice.com.ShopWorkflowTest"/>
  <testcase name="continueToShoppingSummary" time="2.656" classname="automationpractice.com.ShopWorkflowTest"/>
  <testcase name="increaseQtyOfProduct1" time="1.519" classname="automationpractice.com.ShopWorkflowTest"/>
  <testcase name="signinRequest" time="3.372" classname="automationpractice.com.ShopWorkflowTest"/>
  <testcase name="billingAndDeliveryAddress" time="2.92" classname="automationpractice.com.ShopWorkflowTest"/>
  <testcase name="termsOfServiceModal" time="7.637" classname="automationpractice.com.ShopWorkflowTest"/>
  <testcase name="payment" time="3.659" classname="automationpractice.com.ShopWorkflowTest"/>
  <testcase name="confirmOrder" time="2.18" classname="automationpractice.com.ShopWorkflowTest"/>
  <testcase name="checkIsOrderVisibleInOrderHistorySection" time="7.343" classname="automationpractice.com.ShopWorkflowTest"/>
</testsuite> <!-- automationpractice.com -->
