<?xml version="1.0" encoding="UTF-8"?>
<!-- Generated by org.testng.reporters.JUnitXMLReporter -->
<testsuite hostname="DESKTOP-0ESDAIN" name="automationpractice.com" tests="22" failures="0" timestamp="22 Jan 2017 20:14:13 GMT" time="163.154" errors="0">
  <testcase name="authenticationPage" time="2.56" classname="automationpractice.com.CreateAccountFormTest"/>
  <testcase name="authenticationPageEmailField" time="5.126" classname="automationpractice.com.CreateAccountFormTest"/>
  <testcase name="personalInfoFields" time="1.384" classname="automationpractice.com.CreateAccountFormTest"/>
  <testcase name="requiredFieldsEmpty" time="4.878" classname="automationpractice.com.CreateAccountFormTest"/>
  <testcase name="requiredFieldsInputFormat" time="4.606" classname="automationpractice.com.CreateAccountFormTest"/>
  <testcase name="createAccountSuccessfully" time="7.927" classname="automationpractice.com.CreateAccountFormTest"/>
  <testcase name="loginPage" time="0.178" classname="automationpractice.com.LoginFormTest"/>
  <testcase name="invalidCredentials" time="5.023" classname="automationpractice.com.LoginFormTest"/>
  <testcase name="loginWithoutCredentials" time="4.837" classname="automationpractice.com.LoginFormTest"/>
  <testcase name="emailFormat" time="0.514" classname="automationpractice.com.LoginFormTest"/>
  <testcase name="successfulLogin" time="1.796" classname="automationpractice.com.LoginFormTest"/>
  <testcase name="selectChlotes" time="19.195" classname="automationpractice.com.ShopWorkflowTest"/>
  <testcase name="deleteCartProducts" time="2.761" classname="automationpractice.com.ShopWorkflowTest"/>
  <testcase name="checkingCartProductsQtyAndPrice" time="1.909" classname="automationpractice.com.ShopWorkflowTest"/>
  <testcase name="continueToShoppingSummary" time="2.883" classname="automationpractice.com.ShopWorkflowTest"/>
  <testcase name="increaseQtyOfProduct1" time="2.109" classname="automationpractice.com.ShopWorkflowTest"/>
  <testcase name="signinRequest" time="3.251" classname="automationpractice.com.ShopWorkflowTest"/>
  <testcase name="billingAndDeliveryAddress" time="3.774" classname="automationpractice.com.ShopWorkflowTest"/>
  <testcase name="termsOfServiceModal" time="5.973" classname="automationpractice.com.ShopWorkflowTest"/>
  <testcase name="payment" time="6.157" classname="automationpractice.com.ShopWorkflowTest"/>
  <testcase name="confirmOrder" time="1.846" classname="automationpractice.com.ShopWorkflowTest"/>
  <testcase name="checkIsOrderVisibleInOrderHistorySection" time="7.295" classname="automationpractice.com.ShopWorkflowTest"/>
</testsuite> <!-- automationpractice.com -->
