<?xml version="1.0" encoding="UTF-8"?>
<!-- Generated by org.testng.reporters.JUnitXMLReporter -->
<testsuite hostname="DESKTOP-0ESDAIN" name="automationpractice.com" tests="22" failures="0" timestamp="19 Dec 2016 11:54:55 GMT" time="93.195" errors="0">
  <testcase name="authenticationPage" time="1.658" classname="automationpractice.com.CreateAccountFormTest"/>
  <testcase name="authenticationPageEmailField" time="4.142" classname="automationpractice.com.CreateAccountFormTest"/>
  <testcase name="personalInfoFields" time="1.591" classname="automationpractice.com.CreateAccountFormTest"/>
  <testcase name="requiredFieldsEmpty" time="3.034" classname="automationpractice.com.CreateAccountFormTest"/>
  <testcase name="requiredFieldsInputFormat" time="2.709" classname="automationpractice.com.CreateAccountFormTest"/>
  <testcase name="createAccountSuccessfully" time="4.704" classname="automationpractice.com.CreateAccountFormTest"/>
  <testcase name="loginPage" time="0.186" classname="automationpractice.com.LoginFormTest"/>
  <testcase name="invalidCredentials" time="3.798" classname="automationpractice.com.LoginFormTest"/>
  <testcase name="loginWithoutCredentials" time="3.435" classname="automationpractice.com.LoginFormTest"/>
  <testcase name="emailFormat" time="0.659" classname="automationpractice.com.LoginFormTest"/>
  <testcase name="successfulLogin" time="2.071" classname="automationpractice.com.LoginFormTest"/>
  <testcase name="selectChlotes" time="10.8" classname="automationpractice.com.ShopWorkflowTest"/>
  <testcase name="deleteCartProducts" time="2.012" classname="automationpractice.com.ShopWorkflowTest"/>
  <testcase name="checkingCartProductsQtyAndPrice" time="2.027" classname="automationpractice.com.ShopWorkflowTest"/>
  <testcase name="continueToShoppingSummary" time="2.282" classname="automationpractice.com.ShopWorkflowTest"/>
  <testcase name="increaseQtyOfProduct1" time="1.118" classname="automationpractice.com.ShopWorkflowTest"/>
  <testcase name="signinRequest" time="3.523" classname="automationpractice.com.ShopWorkflowTest"/>
  <testcase name="billingAndDeliveryAddress" time="0.277" classname="automationpractice.com.ShopWorkflowTest"/>
  <testcase name="termsOfServiceModal" time="2.826" classname="automationpractice.com.ShopWorkflowTest"/>
  <testcase name="payment" time="3.796" classname="automationpractice.com.ShopWorkflowTest"/>
  <testcase name="confirmOrder" time="1.675" classname="automationpractice.com.ShopWorkflowTest"/>
  <testcase name="checkIsOrderVisibleInOrderHistorySection" time="4.148" classname="automationpractice.com.ShopWorkflowTest"/>
</testsuite> <!-- automationpractice.com -->
