<?xml version="1.0" encoding="UTF-8"?>
<testng-results skipped="0" failed="0" total="22" passed="22">
  <reporter-output>
  </reporter-output>
  <suite name="automationpractice.com" duration-ms="144515" started-at="2017-01-22T21:00:55Z" finished-at="2017-01-22T21:03:19Z">
    <groups>
    </groups>
    <test name="automationpractice.com" duration-ms="144515" started-at="2017-01-22T21:00:55Z" finished-at="2017-01-22T21:03:19Z">
      <class name="automationpractice.com.LoginFormTest">
        <test-method status="PASS" signature="setup()[pri:0, instance:automationpractice.com.LoginFormTest@28d25987]" name="setup" is-config="true" duration-ms="10706" started-at="2017-01-22T22:01:38Z" finished-at="2017-01-22T22:01:49Z">
          <reporter-output>
          </reporter-output>
        </test-method> <!-- setup -->
        <test-method status="PASS" signature="loginPage()[pri:1, instance:automationpractice.com.LoginFormTest@28d25987]" name="loginPage" duration-ms="175" started-at="2017-01-22T22:01:49Z" finished-at="2017-01-22T22:01:49Z">
          <reporter-output>
          </reporter-output>
        </test-method> <!-- loginPage -->
        <test-method status="PASS" signature="invalidCredentials()[pri:2, instance:automationpractice.com.LoginFormTest@28d25987]" name="invalidCredentials" duration-ms="6702" started-at="2017-01-22T22:01:49Z" finished-at="2017-01-22T22:01:56Z">
          <reporter-output>
          </reporter-output>
        </test-method> <!-- invalidCredentials -->
        <test-method status="PASS" signature="loginWithoutCredentials()[pri:3, instance:automationpractice.com.LoginFormTest@28d25987]" name="loginWithoutCredentials" duration-ms="5782" started-at="2017-01-22T22:01:56Z" finished-at="2017-01-22T22:02:01Z">
          <reporter-output>
          </reporter-output>
        </test-method> <!-- loginWithoutCredentials -->
        <test-method status="PASS" signature="emailFormat()[pri:4, instance:automationpractice.com.LoginFormTest@28d25987]" name="emailFormat" duration-ms="505" started-at="2017-01-22T22:02:01Z" finished-at="2017-01-22T22:02:02Z">
          <reporter-output>
          </reporter-output>
        </test-method> <!-- emailFormat -->
        <test-method status="PASS" signature="successfulLogin()[pri:5, instance:automationpractice.com.LoginFormTest@28d25987]" name="successfulLogin" duration-ms="2364" started-at="2017-01-22T22:02:02Z" finished-at="2017-01-22T22:02:04Z">
          <reporter-output>
          </reporter-output>
        </test-method> <!-- successfulLogin -->
        <test-method status="PASS" signature="closeAll()[pri:0, instance:automationpractice.com.LoginFormTest@28d25987]" name="closeAll" is-config="true" duration-ms="2913" started-at="2017-01-22T22:02:04Z" finished-at="2017-01-22T22:02:07Z">
          <reporter-output>
          </reporter-output>
        </test-method> <!-- closeAll -->
      </class> <!-- automationpractice.com.LoginFormTest -->
      <class name="automationpractice.com.ShopWorkflowTest">
        <test-method status="PASS" signature="setup()[pri:0, instance:automationpractice.com.ShopWorkflowTest@4501b7af]" name="setup" is-config="true" duration-ms="17254" started-at="2017-01-22T22:02:07Z" finished-at="2017-01-22T22:02:24Z">
          <reporter-output>
          </reporter-output>
        </test-method> <!-- setup -->
        <test-method status="PASS" signature="selectChlotes()[pri:1, instance:automationpractice.com.ShopWorkflowTest@4501b7af]" name="selectChlotes" duration-ms="13959" started-at="2017-01-22T22:02:24Z" finished-at="2017-01-22T22:02:38Z">
          <reporter-output>
          </reporter-output>
        </test-method> <!-- selectChlotes -->
        <test-method status="PASS" signature="deleteCartProducts()[pri:3, instance:automationpractice.com.ShopWorkflowTest@4501b7af]" name="deleteCartProducts" duration-ms="2463" started-at="2017-01-22T22:02:38Z" finished-at="2017-01-22T22:02:41Z">
          <reporter-output>
          </reporter-output>
        </test-method> <!-- deleteCartProducts -->
        <test-method status="PASS" signature="checkingCartProductsQtyAndPrice()[pri:4, instance:automationpractice.com.ShopWorkflowTest@4501b7af]" name="checkingCartProductsQtyAndPrice" duration-ms="1998" started-at="2017-01-22T22:02:41Z" finished-at="2017-01-22T22:02:43Z">
          <reporter-output>
          </reporter-output>
        </test-method> <!-- checkingCartProductsQtyAndPrice -->
        <test-method status="PASS" signature="continueToShoppingSummary()[pri:5, instance:automationpractice.com.ShopWorkflowTest@4501b7af]" name="continueToShoppingSummary" duration-ms="2656" started-at="2017-01-22T22:02:43Z" finished-at="2017-01-22T22:02:46Z">
          <reporter-output>
          </reporter-output>
        </test-method> <!-- continueToShoppingSummary -->
        <test-method status="PASS" signature="increaseQtyOfProduct1()[pri:6, instance:automationpractice.com.ShopWorkflowTest@4501b7af]" name="increaseQtyOfProduct1" duration-ms="1519" started-at="2017-01-22T22:02:46Z" finished-at="2017-01-22T22:02:47Z">
          <reporter-output>
          </reporter-output>
        </test-method> <!-- increaseQtyOfProduct1 -->
        <test-method status="PASS" signature="signinRequest()[pri:7, instance:automationpractice.com.ShopWorkflowTest@4501b7af]" name="signinRequest" duration-ms="3372" started-at="2017-01-22T22:02:47Z" finished-at="2017-01-22T22:02:50Z">
          <reporter-output>
          </reporter-output>
        </test-method> <!-- signinRequest -->
        <test-method status="PASS" signature="billingAndDeliveryAddress()[pri:8, instance:automationpractice.com.ShopWorkflowTest@4501b7af]" name="billingAndDeliveryAddress" duration-ms="2920" started-at="2017-01-22T22:02:50Z" finished-at="2017-01-22T22:02:53Z">
          <reporter-output>
          </reporter-output>
        </test-method> <!-- billingAndDeliveryAddress -->
        <test-method status="PASS" signature="termsOfServiceModal()[pri:9, instance:automationpractice.com.ShopWorkflowTest@4501b7af]" name="termsOfServiceModal" duration-ms="7637" started-at="2017-01-22T22:02:53Z" finished-at="2017-01-22T22:03:01Z">
          <reporter-output>
          </reporter-output>
        </test-method> <!-- termsOfServiceModal -->
        <test-method status="PASS" signature="payment()[pri:10, instance:automationpractice.com.ShopWorkflowTest@4501b7af]" name="payment" duration-ms="3659" started-at="2017-01-22T22:03:01Z" finished-at="2017-01-22T22:03:05Z">
          <reporter-output>
          </reporter-output>
        </test-method> <!-- payment -->
        <test-method status="PASS" signature="confirmOrder()[pri:11, instance:automationpractice.com.ShopWorkflowTest@4501b7af]" name="confirmOrder" duration-ms="2180" started-at="2017-01-22T22:03:05Z" finished-at="2017-01-22T22:03:07Z">
          <reporter-output>
          </reporter-output>
        </test-method> <!-- confirmOrder -->
        <test-method status="PASS" signature="checkIsOrderVisibleInOrderHistorySection()[pri:12, instance:automationpractice.com.ShopWorkflowTest@4501b7af]" name="checkIsOrderVisibleInOrderHistorySection" duration-ms="7343" started-at="2017-01-22T22:03:07Z" finished-at="2017-01-22T22:03:14Z">
          <reporter-output>
          </reporter-output>
        </test-method> <!-- checkIsOrderVisibleInOrderHistorySection -->
        <test-method status="PASS" signature="closeAll()[pri:0, instance:automationpractice.com.ShopWorkflowTest@4501b7af]" name="closeAll" is-config="true" duration-ms="5082" started-at="2017-01-22T22:03:14Z" finished-at="2017-01-22T22:03:19Z">
          <reporter-output>
          </reporter-output>
        </test-method> <!-- closeAll -->
      </class> <!-- automationpractice.com.ShopWorkflowTest -->
      <class name="automationpractice.com.CreateAccountFormTest">
        <test-method status="PASS" signature="setup()[pri:0, instance:automationpractice.com.CreateAccountFormTest@59fa1d9b]" name="setup" is-config="true" duration-ms="18957" started-at="2017-01-22T22:00:55Z" finished-at="2017-01-22T22:01:14Z">
          <reporter-output>
          </reporter-output>
        </test-method> <!-- setup -->
        <test-method status="PASS" signature="authenticationPage()[pri:1, instance:automationpractice.com.CreateAccountFormTest@59fa1d9b]" name="authenticationPage" duration-ms="2240" started-at="2017-01-22T22:01:14Z" finished-at="2017-01-22T22:01:16Z">
          <reporter-output>
          </reporter-output>
        </test-method> <!-- authenticationPage -->
        <test-method status="PASS" signature="authenticationPageEmailField()[pri:2, instance:automationpractice.com.CreateAccountFormTest@59fa1d9b]" name="authenticationPageEmailField" duration-ms="4053" started-at="2017-01-22T22:01:16Z" finished-at="2017-01-22T22:01:20Z">
          <reporter-output>
          </reporter-output>
        </test-method> <!-- authenticationPageEmailField -->
        <test-method status="PASS" signature="personalInfoFields()[pri:3, instance:automationpractice.com.CreateAccountFormTest@59fa1d9b]" name="personalInfoFields" duration-ms="1332" started-at="2017-01-22T22:01:20Z" finished-at="2017-01-22T22:01:21Z">
          <reporter-output>
          </reporter-output>
        </test-method> <!-- personalInfoFields -->
        <test-method status="PASS" signature="requiredFieldsEmpty()[pri:4, instance:automationpractice.com.CreateAccountFormTest@59fa1d9b]" name="requiredFieldsEmpty" duration-ms="4109" started-at="2017-01-22T22:01:21Z" finished-at="2017-01-22T22:01:25Z">
          <reporter-output>
          </reporter-output>
        </test-method> <!-- requiredFieldsEmpty -->
        <test-method status="PASS" signature="requiredFieldsInputFormat()[pri:5, instance:automationpractice.com.CreateAccountFormTest@59fa1d9b]" name="requiredFieldsInputFormat" duration-ms="4715" started-at="2017-01-22T22:01:25Z" finished-at="2017-01-22T22:01:30Z">
          <reporter-output>
          </reporter-output>
        </test-method> <!-- requiredFieldsInputFormat -->
        <test-method status="PASS" signature="createAccountSuccessfully()[pri:6, instance:automationpractice.com.CreateAccountFormTest@59fa1d9b]" name="createAccountSuccessfully" duration-ms="4946" started-at="2017-01-22T22:01:30Z" finished-at="2017-01-22T22:01:35Z">
          <reporter-output>
          </reporter-output>
        </test-method> <!-- createAccountSuccessfully -->
        <test-method status="PASS" signature="closeAll()[pri:0, instance:automationpractice.com.CreateAccountFormTest@59fa1d9b]" name="closeAll" is-config="true" duration-ms="2928" started-at="2017-01-22T22:01:35Z" finished-at="2017-01-22T22:01:38Z">
          <reporter-output>
          </reporter-output>
        </test-method> <!-- closeAll -->
      </class> <!-- automationpractice.com.CreateAccountFormTest -->
    </test> <!-- automationpractice.com -->
  </suite> <!-- automationpractice.com -->
</testng-results>
